<?xml version="1.0" encoding="UTF-8" ?>
<testsuite tests="3" failures="0" name="com.bbva.ubi.dto.ubicator.test.DataOutUbiDTOTest" time="0.003" errors="0" skipped="0">
  <properties>
[...]
</properties>
  <testcase classname="com.bbva.ubi.dto.ubicator.test.DataOutUbiDTOTest" name="testToString" time="0.003"/>
  <testcase classname="com.bbva.ubi.dto.ubicator.test.DataOutUbiDTOTest" name="testHashCode" time="0"/>
  <testcase classname="com.bbva.ubi.dto.ubicator.test.DataOutUbiDTOTest" name="testEquals" time="0"/>
</testsuite>